<!DOCTYPE html PUBLIC "-//W3C//DTD XHTML 1.1//EN" "http://www.w3.org/TR/xhtml11/DTD/xhtml11.dtd">
<html xmlns="http://www.w3.org/1999/xhtml"><head><title>TestNG Report</title><style type="text/css">table {margin-bottom:10px;border-collapse:collapse;empty-cells:show}th,td {border:1px solid #009;padding:.25em .5em}th {vertical-align:bottom}td {vertical-align:top}table a {font-weight:bold}.stripe td {background-color: #E6EBF9}.num {text-align:right}.passedodd td {background-color: #3F3}.passedeven td {background-color: #0A0}.skippedodd td {background-color: #DDD}.skippedeven td {background-color: #CCC}.failedodd td,.attn {background-color: #F33}.failedeven td,.stripe .attn {background-color: #D00}.stacktrace {white-space:pre;font-family:monospace}.totop {font-size:85%;text-align:center;border-bottom:2px solid #000}</style></head><body><table><tr><th>Test</th><th># Passed</th><th># Skipped</th><th># Failed</th><th>Time (ms)</th><th>Included Groups</th><th>Excluded Groups</th></tr><tr><th colspan="7">Command line suite</th></tr><tr><td><a href="#t0">Command line test</a></td><td class="num">1</td><td class="num attn">3</td><td class="num">0</td><td class="num">83,736</td><td></td><td></td></tr></table><table id='summary'><thead><tr><th>Class</th><th>Method</th><th>Start</th><th>Time (ms)</th></tr></thead><tbody><tr><th colspan="4">Command line suite</th></tr></tbody><tbody id="t0"><tr><th colspan="4">Command line test &#8212; failed (configuration methods)</th></tr><tr class="failedeven"><td rowspan="1">Fab_Application.HomePageTest.verifyLoginWithInvalidOTPManagerTest</td><td><a href="#m0">tearDown</a></td><td rowspan="1">1543899860022</td><td rowspan="1">0</td></tr><tr class="failedodd"><td rowspan="1">Fab_Application.HomePageTest.verifyLoginWithInvalidUsernameManagerTest</td><td><a href="#m1">tearDown</a></td><td rowspan="1">1543899860028</td><td rowspan="1">0</td></tr><tr class="failedeven"><td rowspan="1">Fab_Application.HomePageTest.verifySearchTest</td><td><a href="#m2">tearDown</a></td><td rowspan="1">1543899860025</td><td rowspan="1">1</td></tr><tr><th colspan="4">Command line test &#8212; skipped</th></tr><tr class="skippedeven"><td rowspan="1">Fab_Application.HomePageTest.verifyLoginWithInvalidOTPManagerTest</td><td><a href="#m3">verifyLoginWithInvalidOTP</a></td><td rowspan="1">1543899860022</td><td rowspan="1">0</td></tr><tr class="skippedodd"><td rowspan="1">Fab_Application.HomePageTest.verifyLoginWithInvalidUsernameManagerTest</td><td><a href="#m4">verifyLoginWithInvalidUsername</a></td><td rowspan="1">1543899860028</td><td rowspan="1">0</td></tr><tr class="skippedeven"><td rowspan="1">Fab_Application.HomePageTest.verifySearchTest</td><td><a href="#m5">verifySearch</a></td><td rowspan="1">1543899860025</td><td rowspan="1">0</td></tr><tr><th colspan="4">Command line test &#8212; passed</th></tr><tr class="passedeven"><td rowspan="1">Fab_Application.BookingTest.BookingFlowTest</td><td><a href="#m6">BookingFlow_Test</a></td><td rowspan="1">1543899790757</td><td rowspan="1">68757</td></tr></tbody></table><h2>Command line test</h2><h3 id="m0">Fab_Application.HomePageTest.verifyLoginWithInvalidOTPManagerTest#tearDown</h3><table class="result"><tr><th>Exception</th></tr><tr><td><div class="stacktrace">java.lang.NullPointerException
	at Fab_Application.HomePageTest.verifyLoginWithInvalidOTPManagerTest.tearDown(verifyLoginWithInvalidOTPManagerTest.java:35)
... Removed 35 stack frames</div></td></tr></table><p class="totop"><a href="#summary">back to summary</a></p><h3 id="m1">Fab_Application.HomePageTest.verifyLoginWithInvalidUsernameManagerTest#tearDown</h3><table class="result"><tr><th>Exception</th></tr><tr><td><div class="stacktrace">java.lang.NullPointerException
	at Fab_Application.HomePageTest.verifyLoginWithInvalidUsernameManagerTest.tearDown(verifyLoginWithInvalidUsernameManagerTest.java:35)
... Removed 35 stack frames</div></td></tr></table><p class="totop"><a href="#summary">back to summary</a></p><h3 id="m2">Fab_Application.HomePageTest.verifySearchTest#tearDown</h3><table class="result"><tr><th>Exception</th></tr><tr><td><div class="stacktrace">java.lang.NullPointerException
	at Fab_Application.HomePageTest.verifySearchTest.tearDown(verifySearchTest.java:37)
... Removed 35 stack frames</div></td></tr></table><p class="totop"><a href="#summary">back to summary</a></p><h3 id="m3">Fab_Application.HomePageTest.verifyLoginWithInvalidOTPManagerTest#verifyLoginWithInvalidOTP</h3><table class="result"><tr><th>Exception</th></tr><tr><td><div class="stacktrace">java.lang.RuntimeException: java.lang.RuntimeException: File D:\DesktopAutomation\src\test\resources\test_data\HomePageTest\verifyLoginWithInvalidOTP.xlsx was not found[Ljava.lang.StackTraceElement;@e6d4b8
Caused by: java.lang.RuntimeException: File D:\DesktopAutomation\src\test\resources\test_data\HomePageTest\verifyLoginWithInvalidOTP.xlsx was not found[Ljava.lang.StackTraceElement;@e6d4b8
	at Fab_Application.Helper.Data.ExcelHelper.getDataFromExcel(ExcelHelper.java:70)
	at Fab_Application.Helper.Data.TestDataHelper.getDataFromDataProvider(TestDataHelper.java:30)
	... 32 more
... Removed 40 stack frames</div></td></tr></table><p class="totop"><a href="#summary">back to summary</a></p><h3 id="m4">Fab_Application.HomePageTest.verifyLoginWithInvalidUsernameManagerTest#verifyLoginWithInvalidUsername</h3><table class="result"><tr><th>Exception</th></tr><tr><td><div class="stacktrace">java.lang.RuntimeException: java.lang.RuntimeException: File D:\DesktopAutomation\src\test\resources\test_data\HomePageTest\verifyLoginWithInvalidUsername.xlsx was not found[Ljava.lang.StackTraceElement;@104774
Caused by: java.lang.RuntimeException: File D:\DesktopAutomation\src\test\resources\test_data\HomePageTest\verifyLoginWithInvalidUsername.xlsx was not found[Ljava.lang.StackTraceElement;@104774
	at Fab_Application.Helper.Data.ExcelHelper.getDataFromExcel(ExcelHelper.java:70)
	at Fab_Application.Helper.Data.TestDataHelper.getDataFromDataProvider(TestDataHelper.java:30)
	... 32 more
... Removed 40 stack frames</div></td></tr></table><p class="totop"><a href="#summary">back to summary</a></p><h3 id="m5">Fab_Application.HomePageTest.verifySearchTest#verifySearch</h3><table class="result"><tr><th>Exception</th></tr><tr><td><div class="stacktrace">java.lang.RuntimeException: java.lang.RuntimeException: File D:\DesktopAutomation\src\test\resources\test_data\HomePageTest\verifySearch.xlsx was not found[Ljava.lang.StackTraceElement;@ac4385
Caused by: java.lang.RuntimeException: File D:\DesktopAutomation\src\test\resources\test_data\HomePageTest\verifySearch.xlsx was not found[Ljava.lang.StackTraceElement;@ac4385
	at Fab_Application.Helper.Data.ExcelHelper.getDataFromExcel(ExcelHelper.java:70)
	at Fab_Application.Helper.Data.TestDataHelper.getDataFromDataProvider(TestDataHelper.java:30)
	... 32 more
... Removed 40 stack frames</div></td></tr></table><p class="totop"><a href="#summary">back to summary</a></p><h3 id="m6">Fab_Application.BookingTest.BookingFlowTest#BookingFlow_Test</h3><table class="result"><tr class="param"><th>Parameter #1</th><th>Parameter #2</th><th>Parameter #3</th><th>Parameter #4</th><th>Parameter #5</th><th>Parameter #6</th></tr><tr class="param stripe"><td>9818274287</td><td>123456</td><td>New Delhi</td><td>15-12-2018</td><td>2</td><td>FabHotel Star</td></tr></table><p class="totop"><a href="#summary">back to summary</a></p></body></html>