<?xml version="1.0" encoding="UTF-8"?>
<testng-results skipped="0" failed="1" ignored="0" total="1" passed="0">
  <reporter-output>
  </reporter-output>
  <suite name="Default suite" duration-ms="70648" started-at="2018-12-07T10:29:53Z" finished-at="2018-12-07T10:31:03Z">
    <groups>
    </groups>
    <test name="Default test" duration-ms="70648" started-at="2018-12-07T10:29:53Z" finished-at="2018-12-07T10:31:03Z">
      <class name="Fab_Application.ReviewPageTest.PointsCreditedTest">
        <test-method status="PASS" signature="setEnvironment()[pri:0, instance:Fab_Application.ReviewPageTest.PointsCreditedTest@1a968a59]" name="setEnvironment" is-config="true" duration-ms="201" started-at="2018-12-07T15:59:52Z" finished-at="2018-12-07T15:59:53Z">
          <reporter-output>
          </reporter-output>
        </test-method> <!-- setEnvironment -->
        <test-method status="FAIL" signature="PreAppliedCouponsTest(java.lang.String, java.lang.String, java.lang.String, java.lang.String, java.lang.String, java.lang.String)[pri:0, instance:Fab_Application.ReviewPageTest.PointsCreditedTest@1a968a59]" name="PreAppliedCouponsTest" duration-ms="58831" started-at="2018-12-07T15:59:53Z" data-provider="ExcelDataProvider" finished-at="2018-12-07T16:00:52Z">
          <params>
            <param index="0">
              <value>
                <![CDATA[8447245678]]>
              </value>
            </param>
            <param index="1">
              <value>
                <![CDATA[123456]]>
              </value>
            </param>
            <param index="2">
              <value>
                <![CDATA[New Delhi]]>
              </value>
            </param>
            <param index="3">
              <value>
                <![CDATA[15-12-2018]]>
              </value>
            </param>
            <param index="4">
              <value>
                <![CDATA[2]]>
              </value>
            </param>
            <param index="5">
              <value>
                <![CDATA[FabHotel Modesty]]>
              </value>
            </param>
          </params>
          <exception class="java.lang.AssertionError">
            <message>
              <![CDATA[Points to be credited are incorrect  expected [113.0] but found [101.0]]]>
            </message>
            <full-stacktrace>
              <![CDATA[java.lang.AssertionError: Points to be credited are incorrect  expected [113.0] but found [101.0]
	at org.testng.Assert.fail(Assert.java:93)
	at org.testng.Assert.failNotEquals(Assert.java:512)
	at org.testng.Assert.assertEqualsImpl(Assert.java:134)
	at org.testng.Assert.assertEquals(Assert.java:115)
	at Fab_Application.Controller.ReviewPageTestCase.ReviewPage.PointsCredited.Review_Manager.creditsVerify(Review_Manager.java:74)
	at Fab_Application.Controller.ReviewPageTestCase.ReviewPage.PointsCredited.Review_Manager.Validate_TC(Review_Manager.java:45)
	at Fab_Application.ReviewPageTest.PointsCreditedTest.PreAppliedCouponsTest(PointsCreditedTest.java:42)
	at sun.reflect.NativeMethodAccessorImpl.invoke0(Native Method)
	at sun.reflect.NativeMethodAccessorImpl.invoke(NativeMethodAccessorImpl.java:62)
	at sun.reflect.DelegatingMethodAccessorImpl.invoke(DelegatingMethodAccessorImpl.java:43)
	at java.lang.reflect.Method.invoke(Method.java:498)
	at org.testng.internal.MethodInvocationHelper.invokeMethod(MethodInvocationHelper.java:108)
	at org.testng.internal.Invoker.invokeMethod(Invoker.java:661)
	at org.testng.internal.Invoker.invokeTestMethod(Invoker.java:869)
	at org.testng.internal.Invoker.invokeTestMethods(Invoker.java:1193)
	at org.testng.internal.TestMethodWorker.invokeTestMethods(TestMethodWorker.java:126)
	at org.testng.internal.TestMethodWorker.run(TestMethodWorker.java:109)
	at org.testng.TestRunner.privateRun(TestRunner.java:744)
	at org.testng.TestRunner.run(TestRunner.java:602)
	at org.testng.SuiteRunner.runTest(SuiteRunner.java:380)
	at org.testng.SuiteRunner.runSequentially(SuiteRunner.java:375)
	at org.testng.SuiteRunner.privateRun(SuiteRunner.java:340)
	at org.testng.SuiteRunner.run(SuiteRunner.java:289)
	at org.testng.SuiteRunnerWorker.runSuite(SuiteRunnerWorker.java:52)
	at org.testng.SuiteRunnerWorker.run(SuiteRunnerWorker.java:86)
	at org.testng.TestNG.runSuitesSequentially(TestNG.java:1301)
	at org.testng.TestNG.runSuitesLocally(TestNG.java:1226)
	at org.testng.TestNG.runSuites(TestNG.java:1144)
	at org.testng.TestNG.run(TestNG.java:1115)
	at org.testng.remote.AbstractRemoteTestNG.run(AbstractRemoteTestNG.java:114)
	at org.testng.remote.RemoteTestNG.initAndRun(RemoteTestNG.java:251)
	at org.testng.remote.RemoteTestNG.main(RemoteTestNG.java:77)
]]>
            </full-stacktrace>
          </exception> <!-- java.lang.AssertionError -->
          <reporter-output>
          </reporter-output>
        </test-method> <!-- PreAppliedCouponsTest -->
        <test-method status="PASS" signature="getResult(org.testng.ITestResult)[pri:0, instance:Fab_Application.ReviewPageTest.PointsCreditedTest@1a968a59]" name="getResult" is-config="true" duration-ms="195" started-at="2018-12-07T16:00:52Z" finished-at="2018-12-07T16:00:52Z">
          <params>
            <param index="0">
              <value>
                <![CDATA[[TestResult name=PreAppliedCouponsTest status=FAILURE method=PointsCreditedTest.PreAppliedCouponsTest(java.lang.String, java.lang.String, java.lang.String, java.lang.String, java.lang.String, java.lang.String)[pri:0, instance:Fab_Application.ReviewPageTest.PointsCreditedTest@1a968a59] output={null}]]]>
              </value>
            </param>
          </params>
          <reporter-output>
          </reporter-output>
        </test-method> <!-- getResult -->
        <test-method status="PASS" signature="teardown()[pri:0, instance:Fab_Application.ReviewPageTest.PointsCreditedTest@1a968a59]" name="teardown" is-config="true" duration-ms="11252" started-at="2018-12-07T16:00:52Z" finished-at="2018-12-07T16:01:03Z">
          <reporter-output>
          </reporter-output>
        </test-method> <!-- teardown -->
        <test-method status="PASS" signature="closeEnvironment()[pri:0, instance:Fab_Application.ReviewPageTest.PointsCreditedTest@1a968a59]" name="closeEnvironment" is-config="true" duration-ms="2088" started-at="2018-12-07T16:01:03Z" finished-at="2018-12-07T16:01:05Z">
          <reporter-output>
          </reporter-output>
        </test-method> <!-- closeEnvironment -->
      </class> <!-- Fab_Application.ReviewPageTest.PointsCreditedTest -->
    </test> <!-- Default test -->
  </suite> <!-- Default suite -->
</testng-results>
